<?xml version="1.0" encoding="UTF-8"?>
<testsuite name="Hello.hellospring.HelloSpringApplicationTests" tests="1" skipped="0" failures="0" errors="0" timestamp="2020-12-28T08:42:22" hostname="주해FORCE7" time="0.604">
  <properties/>
  <testcase name="contextLoads()" classname="Hello.hellospring.HelloSpringApplicationTests" time="0.604"/>
  <system-out><![CDATA[17:42:19.187 [Test worker] DEBUG org.springframework.test.context.BootstrapUtils - Instantiating CacheAwareContextLoaderDelegate from class [org.springframework.test.context.cache.DefaultCacheAwareContextLoaderDelegate]
17:42:19.205 [Test worker] DEBUG org.springframework.test.context.BootstrapUtils - Instantiating BootstrapContext using constructor [public org.springframework.test.context.support.DefaultBootstrapContext(java.lang.Class,org.springframework.test.context.CacheAwareContextLoaderDelegate)]
17:42:19.246 [Test worker] DEBUG org.springframework.test.context.BootstrapUtils - Instantiating TestContextBootstrapper for test class [Hello.hellospring.HelloSpringApplicationTests] from class [org.springframework.boot.test.context.SpringBootTestContextBootstrapper]
17:42:19.260 [Test worker] INFO org.springframework.boot.test.context.SpringBootTestContextBootstrapper - Neither @ContextConfiguration nor @ContextHierarchy found for test class [Hello.hellospring.HelloSpringApplicationTests], using SpringBootContextLoader
17:42:19.265 [Test worker] DEBUG org.springframework.test.context.support.AbstractContextLoader - Did not detect default resource location for test class [Hello.hellospring.HelloSpringApplicationTests]: class path resource [Hello/hellospring/HelloSpringApplicationTests-context.xml] does not exist
17:42:19.266 [Test worker] DEBUG org.springframework.test.context.support.AbstractContextLoader - Did not detect default resource location for test class [Hello.hellospring.HelloSpringApplicationTests]: class path resource [Hello/hellospring/HelloSpringApplicationTestsContext.groovy] does not exist
17:42:19.266 [Test worker] INFO org.springframework.test.context.support.AbstractContextLoader - Could not detect default resource locations for test class [Hello.hellospring.HelloSpringApplicationTests]: no resource found for suffixes {-context.xml, Context.groovy}.
17:42:19.267 [Test worker] INFO org.springframework.test.context.support.AnnotationConfigContextLoaderUtils - Could not detect default configuration classes for test class [Hello.hellospring.HelloSpringApplicationTests]: HelloSpringApplicationTests does not declare any static, non-private, non-final, nested classes annotated with @Configuration.
17:42:19.317 [Test worker] DEBUG org.springframework.test.context.support.ActiveProfilesUtils - Could not find an 'annotation declaring class' for annotation type [org.springframework.test.context.ActiveProfiles] and class [Hello.hellospring.HelloSpringApplicationTests]
17:42:19.402 [Test worker] DEBUG org.springframework.context.annotation.ClassPathScanningCandidateComponentProvider - Identified candidate component class: file [C:\Users\SAMSUNG\Desktop\JAVA_Spring\hello-spring\hello-spring\build\classes\java\main\Hello\hellospring\HelloSpringApplication.class]
17:42:19.404 [Test worker] INFO org.springframework.boot.test.context.SpringBootTestContextBootstrapper - Found @SpringBootConfiguration Hello.hellospring.HelloSpringApplication for test class Hello.hellospring.HelloSpringApplicationTests
17:42:19.548 [Test worker] DEBUG org.springframework.boot.test.context.SpringBootTestContextBootstrapper - @TestExecutionListeners is not present for class [Hello.hellospring.HelloSpringApplicationTests]: using defaults.
17:42:19.549 [Test worker] INFO org.springframework.boot.test.context.SpringBootTestContextBootstrapper - Loaded default TestExecutionListener class names from location [META-INF/spring.factories]: [org.springframework.boot.test.autoconfigure.restdocs.RestDocsTestExecutionListener, org.springframework.boot.test.autoconfigure.web.client.MockRestServiceServerResetTestExecutionListener, org.springframework.boot.test.autoconfigure.web.servlet.MockMvcPrintOnlyOnFailureTestExecutionListener, org.springframework.boot.test.autoconfigure.web.servlet.WebDriverTestExecutionListener, org.springframework.boot.test.autoconfigure.webservices.client.MockWebServiceServerTestExecutionListener, org.springframework.boot.test.mock.mockito.MockitoTestExecutionListener, org.springframework.boot.test.mock.mockito.ResetMocksTestExecutionListener, org.springframework.test.context.web.ServletTestExecutionListener, org.springframework.test.context.support.DirtiesContextBeforeModesTestExecutionListener, org.springframework.test.context.support.DependencyInjectionTestExecutionListener, org.springframework.test.context.support.DirtiesContextTestExecutionListener, org.springframework.test.context.transaction.TransactionalTestExecutionListener, org.springframework.test.context.jdbc.SqlScriptsTestExecutionListener, org.springframework.test.context.event.EventPublishingTestExecutionListener]
17:42:19.569 [Test worker] DEBUG org.springframework.boot.test.context.SpringBootTestContextBootstrapper - Skipping candidate TestExecutionListener [org.springframework.test.context.transaction.TransactionalTestExecutionListener] due to a missing dependency. Specify custom listener classes or make the default listener classes and their required dependencies available. Offending class: [org/springframework/transaction/interceptor/TransactionAttributeSource]
17:42:19.571 [Test worker] DEBUG org.springframework.boot.test.context.SpringBootTestContextBootstrapper - Skipping candidate TestExecutionListener [org.springframework.test.context.jdbc.SqlScriptsTestExecutionListener] due to a missing dependency. Specify custom listener classes or make the default listener classes and their required dependencies available. Offending class: [org/springframework/transaction/interceptor/TransactionAttribute]
17:42:19.572 [Test worker] INFO org.springframework.boot.test.context.SpringBootTestContextBootstrapper - Using TestExecutionListeners: [org.springframework.test.context.web.ServletTestExecutionListener@4927452a, org.springframework.test.context.support.DirtiesContextBeforeModesTestExecutionListener@7d13af64, org.springframework.boot.test.mock.mockito.MockitoTestExecutionListener@5dcc3c07, org.springframework.boot.test.autoconfigure.SpringBootDependencyInjectionTestExecutionListener@3fe02300, org.springframework.test.context.support.DirtiesContextTestExecutionListener@4c1d2fc3, org.springframework.test.context.event.EventPublishingTestExecutionListener@2c15c1ab, org.springframework.boot.test.autoconfigure.restdocs.RestDocsTestExecutionListener@1005ec2a, org.springframework.boot.test.autoconfigure.web.client.MockRestServiceServerResetTestExecutionListener@2e433509, org.springframework.boot.test.autoconfigure.web.servlet.MockMvcPrintOnlyOnFailureTestExecutionListener@b857435, org.springframework.boot.test.autoconfigure.web.servlet.WebDriverTestExecutionListener@91ff477, org.springframework.boot.test.autoconfigure.webservices.client.MockWebServiceServerTestExecutionListener@36443dc2, org.springframework.boot.test.mock.mockito.ResetMocksTestExecutionListener@118bd7e]
17:42:19.578 [Test worker] DEBUG org.springframework.test.context.support.AbstractDirtiesContextTestExecutionListener - Before test class: context [DefaultTestContext@4feb982f testClass = HelloSpringApplicationTests, testInstance = [null], testMethod = [null], testException = [null], mergedContextConfiguration = [WebMergedContextConfiguration@13b70ead testClass = HelloSpringApplicationTests, locations = '{}', classes = '{class Hello.hellospring.HelloSpringApplication}', contextInitializerClasses = '[]', activeProfiles = '{}', propertySourceLocations = '{}', propertySourceProperties = '{org.springframework.boot.test.context.SpringBootTestContextBootstrapper=true}', contextCustomizers = set[org.springframework.boot.test.autoconfigure.actuate.metrics.MetricsExportContextCustomizerFactory$DisableMetricExportContextCustomizer@52692bb5, org.springframework.boot.test.autoconfigure.properties.PropertyMappingContextCustomizer@0, org.springframework.boot.test.autoconfigure.web.servlet.WebDriverContextCustomizerFactory$Customizer@6d824e2e, org.springframework.boot.test.context.filter.ExcludeFilterContextCustomizer@7e490036, org.springframework.boot.test.json.DuplicateJsonObjectContextCustomizerFactory$DuplicateJsonObjectContextCustomizer@7136efd4, org.springframework.boot.test.mock.mockito.MockitoContextCustomizer@0, org.springframework.boot.test.web.client.TestRestTemplateContextCustomizer@f32fc46, org.springframework.boot.test.context.SpringBootTestArgs@1, org.springframework.boot.test.context.SpringBootTestWebEnvironment@7149be87], resourceBasePath = 'src/main/webapp', contextLoader = 'org.springframework.boot.test.context.SpringBootContextLoader', parent = [null]], attributes = map['org.springframework.test.context.web.ServletTestExecutionListener.activateListener' -> true]], class annotated with @DirtiesContext [false] with mode [null].
17:42:19.639 [Test worker] DEBUG org.springframework.test.context.support.TestPropertySourceUtils - Adding inlined properties to environment: {spring.jmx.enabled=false, org.springframework.boot.test.context.SpringBootTestContextBootstrapper=true}

  .   ____          _            __ _ _
 /\\ / ___'_ __ _ _(_)_ __  __ _ \ \ \ \
( ( )\___ | '_ | '_| | '_ \/ _` | \ \ \ \
 \\/  ___)| |_)| | | | | || (_| |  ) ) ) )
  '  |____| .__|_| |_|_| |_\__, | / / / /
 =========|_|==============|___/=/_/_/_/
 :: Spring Boot ::                (v2.4.1)

2020-12-28 17:42:20.064  INFO 16152 --- [    Test worker] H.h.HelloSpringApplicationTests          : Starting HelloSpringApplicationTests using Java 11.0.9 on 주해FORCE7 with PID 16152 (started by SAMSUNG in C:\Users\SAMSUNG\Desktop\JAVA_Spring\hello-spring\hello-spring)
2020-12-28 17:42:20.067  INFO 16152 --- [    Test worker] H.h.HelloSpringApplicationTests          : No active profile set, falling back to default profiles: default
2020-12-28 17:42:22.189  INFO 16152 --- [    Test worker] o.s.s.concurrent.ThreadPoolTaskExecutor  : Initializing ExecutorService 'applicationTaskExecutor'
2020-12-28 17:42:22.398  INFO 16152 --- [    Test worker] o.s.b.a.w.s.WelcomePageHandlerMapping    : Adding welcome page: class path resource [static/index.html]
2020-12-28 17:42:22.910  INFO 16152 --- [    Test worker] H.h.HelloSpringApplicationTests          : Started HelloSpringApplicationTests in 3.26 seconds (JVM running for 5.5)
]]></system-out>
  <system-err><![CDATA[]]></system-err>
</testsuite>
